0 info it worked if it ends with ok
1 verbose cli [ '/usr/local/bin/node', '/usr/local/bin/npm', 'run', 'lint' ]
2 info using npm@4.0.2
3 info using node@v4.4.0
4 verbose run-script [ 'prelint', 'lint', 'postlint' ]
5 info lifecycle pro-mern-stack@1.0.0~prelint: pro-mern-stack@1.0.0
6 silly lifecycle pro-mern-stack@1.0.0~prelint: no script for prelint, continuing
7 info lifecycle pro-mern-stack@1.0.0~lint: pro-mern-stack@1.0.0
8 verbose lifecycle pro-mern-stack@1.0.0~lint: unsafe-perm in lifecycle true
9 verbose lifecycle pro-mern-stack@1.0.0~lint: PATH: /usr/local/lib/node_modules/npm/bin/node-gyp-bin:/Users/rockwellrice/Portfolio/Javascript/REACT/pro-mern-stack/node_modules/.bin:/Users/rockwellrice/Library/Android/sdk/platform-tools:/Users/rockwellrice/Library/Android/sdk/tools:/usr/local/opt/qt@5.5/bin:/Users/rockwellrice/.rvm/gems/ruby-2.4.1/bin:/Users/rockwellrice/.rvm/gems/ruby-2.4.1@global/bin:/Users/rockwellrice/.rvm/rubies/ruby-2.4.1/bin:/usr/local/sbin:/Users/rockwellrice/anaconda2/bin:/Applications/MAMP/bin/php/php5.6.10/bin:/Users/rockwellrice/.rbenv/shims:/usr/local/bin:/usr/bin:/bin:/usr/sbin:/sbin:/opt/X11/bin:/Users/rockwellrice/.composer/vendor/bin:/Users/rockwellrice/.rvm/bin
10 verbose lifecycle pro-mern-stack@1.0.0~lint: CWD: /Users/rockwellrice/Portfolio/Javascript/REACT/pro-mern-stack
11 silly lifecycle pro-mern-stack@1.0.0~lint: Args: [ '-c', 'eslint --ext js,jsx src server webpack.config.js' ]
12 silly lifecycle pro-mern-stack@1.0.0~lint: Returned: code: 1  signal: null
13 info lifecycle pro-mern-stack@1.0.0~lint: Failed to exec lint script
14 verbose stack Error: pro-mern-stack@1.0.0 lint: `eslint --ext js,jsx src server webpack.config.js`
14 verbose stack Exit status 1
14 verbose stack     at EventEmitter.<anonymous> (/usr/local/lib/node_modules/npm/lib/utils/lifecycle.js:279:16)
14 verbose stack     at emitTwo (events.js:87:13)
14 verbose stack     at EventEmitter.emit (events.js:172:7)
14 verbose stack     at ChildProcess.<anonymous> (/usr/local/lib/node_modules/npm/lib/utils/spawn.js:40:14)
14 verbose stack     at emitTwo (events.js:87:13)
14 verbose stack     at ChildProcess.emit (events.js:172:7)
14 verbose stack     at maybeClose (internal/child_process.js:827:16)
14 verbose stack     at Process.ChildProcess._handle.onexit (internal/child_process.js:211:5)
15 verbose pkgid pro-mern-stack@1.0.0
16 verbose cwd /Users/rockwellrice/Portfolio/Javascript/REACT/pro-mern-stack
17 error Darwin 16.3.0
18 error argv "/usr/local/bin/node" "/usr/local/bin/npm" "run" "lint"
19 error node v4.4.0
20 error npm  v4.0.2
21 error code ELIFECYCLE
22 error pro-mern-stack@1.0.0 lint: `eslint --ext js,jsx src server webpack.config.js`
22 error Exit status 1
23 error Failed at the pro-mern-stack@1.0.0 lint script 'eslint --ext js,jsx src server webpack.config.js'.
23 error Make sure you have the latest version of node.js and npm installed.
23 error If you do, this is most likely a problem with the pro-mern-stack package,
23 error not with npm itself.
23 error Tell the author that this fails on your system:
23 error     eslint --ext js,jsx src server webpack.config.js
23 error You can get information on how to open an issue for this project with:
23 error     npm bugs pro-mern-stack
23 error Or if that isn't available, you can get their info via:
23 error     npm owner ls pro-mern-stack
23 error There is likely additional logging output above.
24 verbose exit [ 1, true ]
